<?xml version="1.0" encoding="UTF-8"?>
<!-- Generated by org.testng.reporters.JUnitXMLReporter -->
<testsuite ignored="0" hostname="Vipuls-MacBook-Pro-2.local" failures="0" tests="5" name="Expense Tracker Validattion" time="12.986" errors="0" timestamp="14 Jul 2023 21:52:11 GMT">
  <testcase classname="tests.TestClass" name="invalidEmailIdWithSomeSpecialCharacters" time="2.182"/>
  <testcase classname="tests.TestClass" name="invalidEmailIdWithoutContextPostATTheRateSymbol" time="0.895"/>
  <testcase classname="tests.TestClass" name="invalidEmailWithoutDomain" time="0.385"/>
  <testcase classname="tests.TestClass" name="validEmailIdWithAllowedSpecialCharacters" time="2.988"/>
  <testcase classname="tests.TestClass" name="validEmailIdWithLocalAndDomainSections" time="2.005"/>
</testsuite> <!-- Expense Tracker Validattion -->
